#! /c/Source/iverilog-install/bin/vvp
:ivl_version "12.0 (devel)" "(s20150603-1539-g2693dd32b)";
:ivl_delay_selection "TYPICAL";
:vpi_time_precision - 12;
:vpi_module "C:\iverilog\lib\ivl\system.vpi";
:vpi_module "C:\iverilog\lib\ivl\vhdl_sys.vpi";
:vpi_module "C:\iverilog\lib\ivl\vhdl_textio.vpi";
:vpi_module "C:\iverilog\lib\ivl\v2005_math.vpi";
:vpi_module "C:\iverilog\lib\ivl\va_math.vpi";
S_000001a9d237f760 .scope module, "fir_tb" "fir_tb" 2 24;
 .timescale -9 -12;
    .port_info 0 /INPUT 32 "tap_Do";
    .port_info 1 /INPUT 32 "data_Do";
P_000001a9d2390a70 .param/l "Data_Num" 0 2 28, +C4<00000000000000000000001001011000>;
P_000001a9d2390aa8 .param/l "Tape_Num" 0 2 27, +C4<00000000000000000000000000001011>;
P_000001a9d2390ae0 .param/l "pADDR_WIDTH" 0 2 25, +C4<00000000000000000000000000001100>;
P_000001a9d2390b18 .param/l "pDATA_WIDTH" 0 2 26, +C4<00000000000000000000000000100000>;
v000001a9d27a4990_0 .var/i "Din", 31 0;
v000001a9d27a43f0 .array/s "Din_list", 599 0, 31 0;
v000001a9d27a5ed0_0 .var "araddr", 11 0;
v000001a9d27a4a30_0 .net "arready", 0 0, L_000001a9d2400600;  1 drivers
v000001a9d27a5930_0 .var "arvalid", 0 0;
v000001a9d27a42b0_0 .var "awaddr", 11 0;
v000001a9d27a5250_0 .net "awready", 0 0, v000001a9d27a3420_0;  1 drivers
v000001a9d27a5070_0 .var "awvalid", 0 0;
v000001a9d27a4f30_0 .var "axis_clk", 0 0;
v000001a9d27a4490_0 .var "axis_rst_n", 0 0;
v000001a9d27a4ad0 .array/s "coef", 10 0, 31 0;
v000001a9d27a5f70_0 .net "data_A", 11 0, L_000001a9d27a7af0;  1 drivers
v000001a9d27a48f0_0 .net "data_Di", 31 0, L_000001a9d2400440;  1 drivers
RS_000001a9d2408678 .resolv tri, L_000001a9d2400520, L_000001a9d24008a0;
v000001a9d27a5390_0 .net8 "data_Do", 31 0, RS_000001a9d2408678;  2 drivers
L_000001a9d27a9278 .functor BUFT 1, C4<1>, C4<0>, C4<0>, C4<0>;
v000001a9d27a56b0_0 .net "data_EN", 0 0, L_000001a9d27a9278;  1 drivers
v000001a9d27a5a70_0 .net "data_WE", 3 0, L_000001a9d27a8ef0;  1 drivers
v000001a9d27a5430_0 .var "data_length", 31 0;
v000001a9d27a4670_0 .var "error", 0 0;
v000001a9d27a5d90_0 .var "error_coef", 0 0;
v000001a9d27a4b70_0 .var/i "golden", 31 0;
v000001a9d27a4530_0 .var/i "golden_data", 31 0;
v000001a9d27a4df0 .array/s "golden_list", 599 0, 31 0;
v000001a9d27a5b10_0 .var/i "i", 31 0;
v000001a9d27a4c10_0 .var/i "input_data", 31 0;
v000001a9d27a4fd0_0 .var/i "k", 31 0;
v000001a9d27a5110_0 .var/i "m", 31 0;
v000001a9d27a5bb0_0 .net/s "rdata", 31 0, L_000001a9d2400360;  1 drivers
v000001a9d27a4d50_0 .var "rready", 0 0;
v000001a9d27a51b0_0 .net "rvalid", 0 0, L_000001a9d24007c0;  1 drivers
v000001a9d27a5c50_0 .net/s "sm_tdata", 31 0, L_000001a9d2400ec0;  1 drivers
v000001a9d27a4e90_0 .net "sm_tlast", 0 0, L_000001a9d2400ad0;  1 drivers
v000001a9d27a52f0_0 .var "sm_tready", 0 0;
v000001a9d27a54d0_0 .net "sm_tvalid", 0 0, L_000001a9d24006e0;  1 drivers
v000001a9d27a5890_0 .var/s "ss_tdata", 31 0;
v000001a9d27a5570_0 .var "ss_tlast", 0 0;
v000001a9d27a4710_0 .net "ss_tready", 0 0, L_000001a9d27a7ff0;  1 drivers
v000001a9d27a45d0_0 .var "ss_tvalid", 0 0;
v000001a9d27a5cf0_0 .var "status_error", 0 0;
v000001a9d27a5610_0 .net "tap_A", 11 0, L_000001a9d27a8810;  1 drivers
v000001a9d27a6010_0 .net "tap_Di", 31 0, L_000001a9d2400fa0;  1 drivers
RS_000001a9d2408be8 .resolv tri, L_000001a9d24004b0, L_000001a9d2401160;
v000001a9d27a4170_0 .net8 "tap_Do", 31 0, RS_000001a9d2408be8;  2 drivers
L_000001a9d27a9500 .functor BUFT 1, C4<1>, C4<0>, C4<0>, C4<0>;
v000001a9d27a4210_0 .net "tap_EN", 0 0, L_000001a9d27a9500;  1 drivers
v000001a9d27a4850_0 .net "tap_WE", 3 0, L_000001a9d27a89f0;  1 drivers
v000001a9d27a5750_0 .var/i "timeout", 31 0;
v000001a9d27a5e30_0 .var/s "wdata", 31 0;
v000001a9d27a8d10_0 .net "wready", 0 0, L_000001a9d2400590;  1 drivers
v000001a9d27a84f0_0 .var "wvalid", 0 0;
S_000001a9d23f9cf0 .scope task, "config_read_check" "config_read_check" 2 263, 2 263 0, S_000001a9d237f760;
 .timescale -9 -12;
v000001a9d23e44d0_0 .var "addr", 11 0;
v000001a9d23e55b0_0 .var/s "exp_data", 31 0;
v000001a9d23e4cf0_0 .var "mask", 31 0;
E_000001a9d23f78d0 .event posedge, v000001a9d23e5510_0;
TD_fir_tb.config_read_check ;
    %pushi/vec4 0, 0, 1;
    %assign/vec4 v000001a9d27a5930_0, 0;
    %wait E_000001a9d23f78d0;
    %pushi/vec4 1, 0, 1;
    %assign/vec4 v000001a9d27a5930_0, 0;
    %load/vec4 v000001a9d23e44d0_0;
    %assign/vec4 v000001a9d27a5ed0_0, 0;
    %pushi/vec4 1, 0, 1;
    %assign/vec4 v000001a9d27a4d50_0, 0;
    %wait E_000001a9d23f78d0;
T_0.0 ;
    %load/vec4 v000001a9d27a51b0_0;
    %nor/r;
    %flag_set/vec4 8;
    %jmp/0xz T_0.1, 8;
    %wait E_000001a9d23f78d0;
    %jmp T_0.0;
T_0.1 ;
    %load/vec4 v000001a9d27a5bb0_0;
    %load/vec4 v000001a9d23e4cf0_0;
    %and;
    %load/vec4 v000001a9d23e55b0_0;
    %load/vec4 v000001a9d23e4cf0_0;
    %and;
    %cmp/ne;
    %jmp/0xz  T_0.2, 4;
    %vpi_call 2 275 "$display", "ERROR: exp = %d, rdata = %d", v000001a9d23e55b0_0, v000001a9d27a5bb0_0 {0 0 0};
    %pushi/vec4 1, 0, 1;
    %assign/vec4 v000001a9d27a5d90_0, 0;
    %jmp T_0.3;
T_0.2 ;
    %vpi_call 2 278 "$display", "OK: exp = %d, rdata = %d", v000001a9d23e55b0_0, v000001a9d27a5bb0_0 {0 0 0};
T_0.3 ;
    %end;
S_000001a9d233bc00 .scope task, "config_write" "config_write" 2 250, 2 250 0, S_000001a9d237f760;
 .timescale -9 -12;
v000001a9d23e4d90_0 .var "addr", 11 0;
v000001a9d23e4110_0 .var "data", 31 0;
TD_fir_tb.config_write ;
    %pushi/vec4 0, 0, 1;
    %assign/vec4 v000001a9d27a5070_0, 0;
    %pushi/vec4 0, 0, 1;
    %assign/vec4 v000001a9d27a84f0_0, 0;
    %wait E_000001a9d23f78d0;
    %pushi/vec4 1, 0, 1;
    %assign/vec4 v000001a9d27a5070_0, 0;
    %load/vec4 v000001a9d23e4d90_0;
    %assign/vec4 v000001a9d27a42b0_0, 0;
    %pushi/vec4 1, 0, 1;
    %assign/vec4 v000001a9d27a84f0_0, 0;
    %load/vec4 v000001a9d23e4110_0;
    %assign/vec4 v000001a9d27a5e30_0, 0;
    %wait E_000001a9d23f78d0;
T_1.4 ;
    %load/vec4 v000001a9d27a8d10_0;
    %nor/r;
    %flag_set/vec4 8;
    %jmp/0xz T_1.5, 8;
    %wait E_000001a9d23f78d0;
    %jmp T_1.4;
T_1.5 ;
    %end;
S_000001a9d23ffb00 .scope module, "data_RAM" "bram11" 2 123, 3 3 0, S_000001a9d237f760;
 .timescale -9 -12;
    .port_info 0 /INPUT 1 "CLK";
    .port_info 1 /INPUT 4 "WE";
    .port_info 2 /INPUT 1 "EN";
    .port_info 3 /INPUT 32 "Di";
    .port_info 4 /OUTPUT 32 "Do";
    .port_info 5 /INPUT 12 "A";
L_000001a9d27a98f0 .functor BUFT 1, C4<11111111111111111111111111111111>, C4<0>, C4<0>, C4<0>;
L_000001a9d24008a0 .functor AND 32, L_000001a9d27a98f0, L_000001a9d27a7870, C4<11111111111111111111111111111111>, C4<11111111111111111111111111111111>;
v000001a9d23e4610_0 .net "A", 11 0, L_000001a9d27a7af0;  alias, 1 drivers
v000001a9d23e5510_0 .net "CLK", 0 0, v000001a9d27a4f30_0;  1 drivers
v000001a9d23e56f0_0 .net "Di", 31 0, L_000001a9d2400440;  alias, 1 drivers
v000001a9d23e4750_0 .net8 "Do", 31 0, RS_000001a9d2408678;  alias, 2 drivers
v000001a9d23e41b0_0 .net "EN", 0 0, L_000001a9d27a9278;  alias, 1 drivers
v000001a9d23e4a70 .array "RAM", 10 0, 31 0;
v000001a9d23e5790_0 .net "WE", 3 0, L_000001a9d27a8ef0;  alias, 1 drivers
v000001a9d23e4ed0_0 .net *"_ivl_0", 31 0, L_000001a9d27a98f0;  1 drivers
v000001a9d23e58d0_0 .net *"_ivl_2", 31 0, L_000001a9d27a7870;  1 drivers
v000001a9d23e5a10_0 .net *"_ivl_4", 11 0, L_000001a9d27a7c30;  1 drivers
v000001a9d23e4890_0 .net *"_ivl_6", 9 0, L_000001a9d27a8bd0;  1 drivers
L_000001a9d27a97d0 .functor BUFT 1, C4<00>, C4<0>, C4<0>, C4<0>;
v000001a9d23e5d30_0 .net *"_ivl_8", 1 0, L_000001a9d27a97d0;  1 drivers
v000001a9d23e49d0_0 .var "r_A", 11 0;
L_000001a9d27a7870 .array/port v000001a9d23e4a70, L_000001a9d27a7c30;
L_000001a9d27a8bd0 .part v000001a9d23e49d0_0, 2, 10;
L_000001a9d27a7c30 .concat [ 10 2 0 0], L_000001a9d27a8bd0, L_000001a9d27a97d0;
S_000001a9d237de00 .scope module, "fir_DUT" "fir" 2 71, 4 2 0, S_000001a9d237f760;
 .timescale -9 -12;
    .port_info 0 /OUTPUT 1 "awready";
    .port_info 1 /OUTPUT 1 "wready";
    .port_info 2 /INPUT 1 "awvalid";
    .port_info 3 /INPUT 12 "awaddr";
    .port_info 4 /INPUT 1 "wvalid";
    .port_info 5 /INPUT 32 "wdata";
    .port_info 6 /OUTPUT 1 "arready";
    .port_info 7 /INPUT 1 "rready";
    .port_info 8 /INPUT 1 "arvalid";
    .port_info 9 /INPUT 12 "araddr";
    .port_info 10 /OUTPUT 1 "rvalid";
    .port_info 11 /OUTPUT 32 "rdata";
    .port_info 12 /INPUT 1 "ss_tvalid";
    .port_info 13 /INPUT 32 "ss_tdata";
    .port_info 14 /INPUT 1 "ss_tlast";
    .port_info 15 /OUTPUT 1 "ss_tready";
    .port_info 16 /INPUT 1 "sm_tready";
    .port_info 17 /OUTPUT 1 "sm_tvalid";
    .port_info 18 /OUTPUT 32 "sm_tdata";
    .port_info 19 /OUTPUT 1 "sm_tlast";
    .port_info 20 /OUTPUT 4 "tap_WE";
    .port_info 21 /OUTPUT 1 "tap_EN";
    .port_info 22 /OUTPUT 32 "tap_Di";
    .port_info 23 /OUTPUT 12 "tap_A";
    .port_info 24 /INOUT 32 "tap_Do";
    .port_info 25 /OUTPUT 4 "data_WE";
    .port_info 26 /OUTPUT 1 "data_EN";
    .port_info 27 /OUTPUT 32 "data_Di";
    .port_info 28 /OUTPUT 12 "data_A";
    .port_info 29 /INOUT 32 "data_Do";
    .port_info 30 /INPUT 1 "axis_clk";
    .port_info 31 /INPUT 1 "axis_rst_n";
P_000001a9d239b1f0 .param/l "Tape_Num" 0 4 6, +C4<00000000000000000000000000001011>;
P_000001a9d239b228 .param/l "pADDR_WIDTH" 0 4 4, +C4<00000000000000000000000000001100>;
P_000001a9d239b260 .param/l "pDATA_WIDTH" 0 4 5, +C4<00000000000000000000000000100000>;
L_000001a9d24006e0 .functor BUFZ 1, v000001a9d27a3ce0_0, C4<0>, C4<0>, C4<0>;
L_000001a9d2400ad0 .functor BUFZ 1, v000001a9d27a3ce0_0, C4<0>, C4<0>, C4<0>;
L_000001a9d2400ec0 .functor BUFZ 32, v000001a9d27a0c90_0, C4<00000000000000000000000000000000>, C4<00000000000000000000000000000000>, C4<00000000000000000000000000000000>;
L_000001a9d2400590 .functor BUFZ 1, v000001a9d27a3920_0, C4<0>, C4<0>, C4<0>;
L_000001a9d2400600 .functor BUFZ 1, v000001a9d27a37e0_0, C4<0>, C4<0>, C4<0>;
L_000001a9d24007c0 .functor BUFZ 1, v000001a9d27a2fc0_0, C4<0>, C4<0>, C4<0>;
L_000001a9d2400360 .functor BUFZ 32, v000001a9d27a4000_0, C4<00000000000000000000000000000000>, C4<00000000000000000000000000000000>, C4<00000000000000000000000000000000>;
L_000001a9d2400b40 .functor AND 1, v000001a9d27a45d0_0, L_000001a9d27a7ff0, C4<1>, C4<1>;
L_000001a9d2400440 .functor BUFZ 32, v000001a9d27a5890_0, C4<00000000000000000000000000000000>, C4<00000000000000000000000000000000>, C4<00000000000000000000000000000000>;
L_000001a9d2400750 .functor AND 1, L_000001a9d27a7a50, L_000001a9d27a88b0, C4<1>, C4<1>;
L_000001a9d24009f0 .functor AND 1, v000001a9d27a5070_0, v000001a9d27a3420_0, C4<1>, C4<1>;
L_000001a9d2400fa0 .functor BUFZ 32, v000001a9d27a5e30_0, C4<00000000000000000000000000000000>, C4<00000000000000000000000000000000>, C4<00000000000000000000000000000000>;
L_000001a9d2400830 .functor AND 1, L_000001a9d27a8db0, L_000001a9d27a9030, C4<1>, C4<1>;
v000001a9d27a03d0_0 .net *"_ivl_0", 31 0, L_000001a9d27a7230;  1 drivers
v000001a9d27a1410_0 .net *"_ivl_25", 0 0, L_000001a9d2400b40;  1 drivers
L_000001a9d27a91e8 .functor BUFT 1, C4<1111>, C4<0>, C4<0>, C4<0>;
v000001a9d27a0150_0 .net/2u *"_ivl_26", 3 0, L_000001a9d27a91e8;  1 drivers
L_000001a9d27a9230 .functor BUFT 1, C4<0000>, C4<0>, C4<0>, C4<0>;
v000001a9d27a0290_0 .net/2u *"_ivl_28", 3 0, L_000001a9d27a9230;  1 drivers
L_000001a9d27a9158 .functor BUFT 1, C4<00000000000000000000>, C4<0>, C4<0>, C4<0>;
v000001a9d27a0a10_0 .net *"_ivl_3", 19 0, L_000001a9d27a9158;  1 drivers
v000001a9d27a19b0_0 .net *"_ivl_36", 31 0, L_000001a9d27a86d0;  1 drivers
L_000001a9d27a92c0 .functor BUFT 1, C4<00000000000000000000000000000>, C4<0>, C4<0>, C4<0>;
v000001a9d27a1190_0 .net *"_ivl_39", 28 0, L_000001a9d27a92c0;  1 drivers
L_000001a9d27a91a0 .functor BUFT 1, C4<00000000000000000000111111111111>, C4<0>, C4<0>, C4<0>;
v000001a9d27a0330_0 .net/2u *"_ivl_4", 31 0, L_000001a9d27a91a0;  1 drivers
L_000001a9d27a9308 .functor BUFT 1, C4<00000000000000000000000000000001>, C4<0>, C4<0>, C4<0>;
v000001a9d27a1550_0 .net/2u *"_ivl_40", 31 0, L_000001a9d27a9308;  1 drivers
v000001a9d27a0e70_0 .net *"_ivl_42", 0 0, L_000001a9d27a7a50;  1 drivers
v000001a9d27a0470_0 .net *"_ivl_44", 31 0, L_000001a9d27a7190;  1 drivers
L_000001a9d27a9350 .functor BUFT 1, C4<000000000000000000000000000>, C4<0>, C4<0>, C4<0>;
v000001a9d27a0d30_0 .net *"_ivl_47", 26 0, L_000001a9d27a9350;  1 drivers
L_000001a9d27a9398 .functor BUFT 1, C4<00000000000000000000000000001011>, C4<0>, C4<0>, C4<0>;
v000001a9d27a1cd0_0 .net/2u *"_ivl_48", 31 0, L_000001a9d27a9398;  1 drivers
v000001a9d27a0650_0 .net *"_ivl_50", 0 0, L_000001a9d27a88b0;  1 drivers
v000001a9d27a1a50_0 .net *"_ivl_53", 0 0, L_000001a9d2400750;  1 drivers
v000001a9d27a1690_0 .net *"_ivl_54", 11 0, L_000001a9d27a8950;  1 drivers
L_000001a9d27a93e0 .functor BUFT 1, C4<0000000>, C4<0>, C4<0>, C4<0>;
v000001a9d27a12d0_0 .net *"_ivl_57", 6 0, L_000001a9d27a93e0;  1 drivers
v000001a9d27a0dd0_0 .net *"_ivl_58", 11 0, L_000001a9d27a7550;  1 drivers
L_000001a9d27a9428 .functor BUFT 1, C4<000000000000>, C4<0>, C4<0>, C4<0>;
v000001a9d27a05b0_0 .net/2u *"_ivl_60", 11 0, L_000001a9d27a9428;  1 drivers
v000001a9d27a1af0_0 .net *"_ivl_65", 0 0, L_000001a9d24009f0;  1 drivers
L_000001a9d27a9470 .functor BUFT 1, C4<1111>, C4<0>, C4<0>, C4<0>;
v000001a9d27a1d70_0 .net/2u *"_ivl_66", 3 0, L_000001a9d27a9470;  1 drivers
L_000001a9d27a94b8 .functor BUFT 1, C4<0000>, C4<0>, C4<0>, C4<0>;
v000001a9d27a1e10_0 .net/2u *"_ivl_68", 3 0, L_000001a9d27a94b8;  1 drivers
v000001a9d27a10f0_0 .net *"_ivl_76", 31 0, L_000001a9d27a75f0;  1 drivers
L_000001a9d27a9548 .functor BUFT 1, C4<00000000000000000000000000000>, C4<0>, C4<0>, C4<0>;
v000001a9d27a0510_0 .net *"_ivl_79", 28 0, L_000001a9d27a9548;  1 drivers
L_000001a9d27a9590 .functor BUFT 1, C4<00000000000000000000000000000001>, C4<0>, C4<0>, C4<0>;
v000001a9d27a1230_0 .net/2u *"_ivl_80", 31 0, L_000001a9d27a9590;  1 drivers
v000001a9d27a1eb0_0 .net *"_ivl_82", 0 0, L_000001a9d27a8db0;  1 drivers
v000001a9d27a1f50_0 .net *"_ivl_84", 31 0, L_000001a9d27a8630;  1 drivers
L_000001a9d27a95d8 .functor BUFT 1, C4<000000000000000000000000000>, C4<0>, C4<0>, C4<0>;
v000001a9d27a1ff0_0 .net *"_ivl_87", 26 0, L_000001a9d27a95d8;  1 drivers
L_000001a9d27a9620 .functor BUFT 1, C4<00000000000000000000000000001011>, C4<0>, C4<0>, C4<0>;
v000001a9d27a06f0_0 .net/2u *"_ivl_88", 31 0, L_000001a9d27a9620;  1 drivers
v000001a9d27a0790_0 .net *"_ivl_90", 0 0, L_000001a9d27a9030;  1 drivers
v000001a9d27a0830_0 .net *"_ivl_93", 0 0, L_000001a9d2400830;  1 drivers
v000001a9d27a08d0_0 .net *"_ivl_94", 11 0, L_000001a9d27a79b0;  1 drivers
L_000001a9d27a9668 .functor BUFT 1, C4<0000000>, C4<0>, C4<0>, C4<0>;
v000001a9d27a0970_0 .net *"_ivl_97", 6 0, L_000001a9d27a9668;  1 drivers
L_000001a9d27a96b0 .functor BUFT 1, C4<000000000000>, C4<0>, C4<0>, C4<0>;
v000001a9d27a0ab0_0 .net/2u *"_ivl_98", 11 0, L_000001a9d27a96b0;  1 drivers
v000001a9d27a0c90_0 .var "acc", 31 0;
v000001a9d27a0b50_0 .net "araddr", 11 0, v000001a9d27a5ed0_0;  1 drivers
v000001a9d27a0bf0_0 .net "arready", 0 0, L_000001a9d2400600;  alias, 1 drivers
v000001a9d27a0f10_0 .net "arvalid", 0 0, v000001a9d27a5930_0;  1 drivers
v000001a9d27a3600_0 .net "awaddr", 11 0, v000001a9d27a42b0_0;  1 drivers
v000001a9d27a2700_0 .net "awready", 0 0, v000001a9d27a3420_0;  alias, 1 drivers
v000001a9d27a25c0_0 .net "awvalid", 0 0, v000001a9d27a5070_0;  1 drivers
v000001a9d27a37e0_0 .var "axi_arready", 0 0;
v000001a9d27a3420_0 .var "axi_awready", 0 0;
v000001a9d27a4000_0 .var "axi_rdata_reg", 31 0;
v000001a9d27a2fc0_0 .var "axi_rvalid", 0 0;
v000001a9d27a3920_0 .var "axi_wready", 0 0;
v000001a9d27a3b00_0 .net "axis_clk", 0 0, v000001a9d27a4f30_0;  alias, 1 drivers
v000001a9d27a2840_0 .net "axis_rst_n", 0 0, v000001a9d27a4490_0;  1 drivers
v000001a9d27a3ce0_0 .var "calc_done", 0 0;
v000001a9d27a27a0_0 .net "data_A", 11 0, L_000001a9d27a7af0;  alias, 1 drivers
v000001a9d27a2d40_0 .net "data_Di", 31 0, L_000001a9d2400440;  alias, 1 drivers
v000001a9d27a3380_0 .net8 "data_Do", 31 0, RS_000001a9d2408678;  alias, 2 drivers
v000001a9d27a2200_0 .net "data_EN", 0 0, L_000001a9d27a9278;  alias, 1 drivers
v000001a9d27a2480_0 .net "data_WE", 3 0, L_000001a9d27a8ef0;  alias, 1 drivers
v000001a9d27a3ba0_0 .net "rdata", 31 0, L_000001a9d2400360;  alias, 1 drivers
v000001a9d27a3880_0 .var "read_ptr", 11 0;
v000001a9d27a28e0_0 .net "rready", 0 0, v000001a9d27a4d50_0;  1 drivers
v000001a9d27a2160_0 .net "rvalid", 0 0, L_000001a9d24007c0;  alias, 1 drivers
v000001a9d27a39c0_0 .net "sm_tdata", 31 0, L_000001a9d2400ec0;  alias, 1 drivers
v000001a9d27a3a60_0 .net "sm_tlast", 0 0, L_000001a9d2400ad0;  alias, 1 drivers
v000001a9d27a3e20_0 .net "sm_tready", 0 0, v000001a9d27a52f0_0;  1 drivers
v000001a9d27a31a0_0 .net "sm_tvalid", 0 0, L_000001a9d24006e0;  alias, 1 drivers
v000001a9d27a22a0_0 .net "ss_tdata", 31 0, v000001a9d27a5890_0;  1 drivers
v000001a9d27a3c40_0 .net "ss_tlast", 0 0, v000001a9d27a5570_0;  1 drivers
v000001a9d27a3060_0 .net "ss_tready", 0 0, L_000001a9d27a7ff0;  alias, 1 drivers
v000001a9d27a3d80_0 .net "ss_tvalid", 0 0, v000001a9d27a45d0_0;  1 drivers
v000001a9d27a2de0_0 .var "state", 2 0;
v000001a9d27a36a0_0 .net "tap_A", 11 0, L_000001a9d27a8810;  alias, 1 drivers
v000001a9d27a3100_0 .net "tap_Di", 31 0, L_000001a9d2400fa0;  alias, 1 drivers
v000001a9d27a2980_0 .net8 "tap_Do", 31 0, RS_000001a9d2408be8;  alias, 2 drivers
v000001a9d27a3740_0 .net "tap_EN", 0 0, L_000001a9d27a9500;  alias, 1 drivers
v000001a9d27a2ca0_0 .net "tap_WE", 3 0, L_000001a9d27a89f0;  alias, 1 drivers
v000001a9d27a34c0_0 .var "tap_cnt", 4 0;
v000001a9d27a2a20_0 .net "wdata", 31 0, v000001a9d27a5e30_0;  1 drivers
v000001a9d27a3ec0_0 .net "wready", 0 0, L_000001a9d2400590;  alias, 1 drivers
v000001a9d27a2ac0_0 .var "write_ptr", 11 0;
v000001a9d27a3560_0 .net "wvalid", 0 0, v000001a9d27a84f0_0;  1 drivers
L_000001a9d27a7230 .concat [ 12 20 0 0], v000001a9d27a2ac0_0, L_000001a9d27a9158;
L_000001a9d27a7ff0 .cmp/gt 32, L_000001a9d27a91a0, L_000001a9d27a7230;
L_000001a9d27a8ef0 .functor MUXZ 4, L_000001a9d27a9230, L_000001a9d27a91e8, L_000001a9d2400b40, C4<>;
L_000001a9d27a86d0 .concat [ 3 29 0 0], v000001a9d27a2de0_0, L_000001a9d27a92c0;
L_000001a9d27a7a50 .cmp/eq 32, L_000001a9d27a86d0, L_000001a9d27a9308;
L_000001a9d27a7190 .concat [ 5 27 0 0], v000001a9d27a34c0_0, L_000001a9d27a9350;
L_000001a9d27a88b0 .cmp/gt 32, L_000001a9d27a9398, L_000001a9d27a7190;
L_000001a9d27a8950 .concat [ 5 7 0 0], v000001a9d27a34c0_0, L_000001a9d27a93e0;
L_000001a9d27a7550 .arith/sub 12, v000001a9d27a3880_0, L_000001a9d27a8950;
L_000001a9d27a7af0 .functor MUXZ 12, L_000001a9d27a9428, L_000001a9d27a7550, L_000001a9d2400750, C4<>;
L_000001a9d27a89f0 .functor MUXZ 4, L_000001a9d27a94b8, L_000001a9d27a9470, L_000001a9d24009f0, C4<>;
L_000001a9d27a75f0 .concat [ 3 29 0 0], v000001a9d27a2de0_0, L_000001a9d27a9548;
L_000001a9d27a8db0 .cmp/eq 32, L_000001a9d27a75f0, L_000001a9d27a9590;
L_000001a9d27a8630 .concat [ 5 27 0 0], v000001a9d27a34c0_0, L_000001a9d27a95d8;
L_000001a9d27a9030 .cmp/gt 32, L_000001a9d27a9620, L_000001a9d27a8630;
L_000001a9d27a79b0 .concat [ 5 7 0 0], v000001a9d27a34c0_0, L_000001a9d27a9668;
L_000001a9d27a8810 .functor MUXZ 12, L_000001a9d27a96b0, L_000001a9d27a79b0, L_000001a9d2400830, C4<>;
S_000001a9d23ed950 .scope module, "data_bram" "bram11" 4 179, 3 3 0, S_000001a9d237de00;
 .timescale -9 -12;
    .port_info 0 /INPUT 1 "CLK";
    .port_info 1 /INPUT 4 "WE";
    .port_info 2 /INPUT 1 "EN";
    .port_info 3 /INPUT 32 "Di";
    .port_info 4 /OUTPUT 32 "Do";
    .port_info 5 /INPUT 12 "A";
L_000001a9d27a9860 .functor BUFT 1, C4<11111111111111111111111111111111>, C4<0>, C4<0>, C4<0>;
L_000001a9d2400520 .functor AND 32, L_000001a9d27a9860, L_000001a9d27a7370, C4<11111111111111111111111111111111>, C4<11111111111111111111111111111111>;
v000001a9d23e4f70_0 .net "A", 11 0, L_000001a9d27a7af0;  alias, 1 drivers
v000001a9d23e4250_0 .net "CLK", 0 0, v000001a9d27a4f30_0;  alias, 1 drivers
v000001a9d23e53d0_0 .net "Di", 31 0, L_000001a9d2400440;  alias, 1 drivers
v000001a9d23e5010_0 .net8 "Do", 31 0, RS_000001a9d2408678;  alias, 2 drivers
v000001a9d23e5470_0 .net "EN", 0 0, L_000001a9d27a9278;  alias, 1 drivers
v000001a9d23e4b10 .array "RAM", 10 0, 31 0;
v000001a9d23e50b0_0 .net "WE", 3 0, L_000001a9d27a8ef0;  alias, 1 drivers
v000001a9d23e5150_0 .net *"_ivl_0", 31 0, L_000001a9d27a9860;  1 drivers
v000001a9d23e5290_0 .net *"_ivl_2", 31 0, L_000001a9d27a7370;  1 drivers
v000001a9d23e5b50_0 .net *"_ivl_4", 11 0, L_000001a9d27a8770;  1 drivers
v000001a9d23e5dd0_0 .net *"_ivl_6", 9 0, L_000001a9d27a8e50;  1 drivers
L_000001a9d27a9740 .functor BUFT 1, C4<00>, C4<0>, C4<0>, C4<0>;
v000001a9d23e5c90_0 .net *"_ivl_8", 1 0, L_000001a9d27a9740;  1 drivers
v000001a9d23e5e70_0 .var "r_A", 11 0;
L_000001a9d27a7370 .array/port v000001a9d23e4b10, L_000001a9d27a8770;
L_000001a9d27a8e50 .part v000001a9d23e5e70_0, 2, 10;
L_000001a9d27a8770 .concat [ 10 2 0 0], L_000001a9d27a8e50, L_000001a9d27a9740;
S_000001a9d23e6fa0 .scope module, "tap_bram" "bram11" 4 170, 3 3 0, S_000001a9d237de00;
 .timescale -9 -12;
    .port_info 0 /INPUT 1 "CLK";
    .port_info 1 /INPUT 4 "WE";
    .port_info 2 /INPUT 1 "EN";
    .port_info 3 /INPUT 32 "Di";
    .port_info 4 /OUTPUT 32 "Do";
    .port_info 5 /INPUT 12 "A";
L_000001a9d27a9818 .functor BUFT 1, C4<11111111111111111111111111111111>, C4<0>, C4<0>, C4<0>;
L_000001a9d24004b0 .functor AND 32, L_000001a9d27a9818, L_000001a9d27a81d0, C4<11111111111111111111111111111111>, C4<11111111111111111111111111111111>;
v000001a9d23e4430_0 .net "A", 11 0, L_000001a9d27a8810;  alias, 1 drivers
v000001a9d27a1370_0 .net "CLK", 0 0, v000001a9d27a4f30_0;  alias, 1 drivers
v000001a9d27a01f0_0 .net "Di", 31 0, L_000001a9d2400fa0;  alias, 1 drivers
v000001a9d27a14b0_0 .net8 "Do", 31 0, RS_000001a9d2408be8;  alias, 2 drivers
v000001a9d27a1730_0 .net "EN", 0 0, L_000001a9d27a9500;  alias, 1 drivers
v000001a9d27a17d0 .array "RAM", 10 0, 31 0;
v000001a9d27a0fb0_0 .net "WE", 3 0, L_000001a9d27a89f0;  alias, 1 drivers
v000001a9d27a1870_0 .net *"_ivl_0", 31 0, L_000001a9d27a9818;  1 drivers
v000001a9d27a1910_0 .net *"_ivl_2", 31 0, L_000001a9d27a81d0;  1 drivers
v000001a9d27a1050_0 .net *"_ivl_4", 11 0, L_000001a9d27a8a90;  1 drivers
v000001a9d27a1c30_0 .net *"_ivl_6", 9 0, L_000001a9d27a72d0;  1 drivers
L_000001a9d27a96f8 .functor BUFT 1, C4<00>, C4<0>, C4<0>, C4<0>;
v000001a9d27a15f0_0 .net *"_ivl_8", 1 0, L_000001a9d27a96f8;  1 drivers
v000001a9d27a1b90_0 .var "r_A", 11 0;
L_000001a9d27a81d0 .array/port v000001a9d27a17d0, L_000001a9d27a8a90;
L_000001a9d27a72d0 .part v000001a9d27a1b90_0, 2, 10;
L_000001a9d27a8a90 .concat [ 10 2 0 0], L_000001a9d27a72d0, L_000001a9d27a96f8;
S_000001a9d23e7130 .scope task, "sm" "sm" 2 297, 2 297 0, S_000001a9d237f760;
 .timescale -9 -12;
v000001a9d27a3f60_0 .var/s "in2", 31 0;
v000001a9d27a3240_0 .var "pcnt", 31 0;
E_000001a9d23f7ad0 .event anyedge, v000001a9d27a31a0_0;
TD_fir_tb.sm ;
    %pushi/vec4 1, 0, 1;
    %assign/vec4 v000001a9d27a52f0_0, 0;
    %wait E_000001a9d23f78d0;
T_2.6 ;
    %load/vec4 v000001a9d27a54d0_0;
    %cmpi/ne 1, 0, 1;
    %jmp/0xz T_2.7, 6;
    %wait E_000001a9d23f7ad0;
    %jmp T_2.6;
T_2.7 ;
T_2.8 ;
    %load/vec4 v000001a9d27a54d0_0;
    %nor/r;
    %flag_set/vec4 8;
    %jmp/0xz T_2.9, 8;
    %wait E_000001a9d23f78d0;
    %jmp T_2.8;
T_2.9 ;
    %load/vec4 v000001a9d27a5c50_0;
    %load/vec4 v000001a9d27a3f60_0;
    %cmp/ne;
    %jmp/0xz  T_2.10, 4;
    %vpi_call 2 306 "$display", "[ERROR] [Pattern %d] Golden answer: %d, Your answer: %d", v000001a9d27a3240_0, v000001a9d27a3f60_0, v000001a9d27a5c50_0 {0 0 0};
    %pushi/vec4 1, 0, 1;
    %assign/vec4 v000001a9d27a4670_0, 0;
    %jmp T_2.11;
T_2.10 ;
    %vpi_call 2 310 "$display", "[PASS] [Pattern %d] Golden answer: %d, Your answer: %d", v000001a9d27a3240_0, v000001a9d27a3f60_0, v000001a9d27a5c50_0 {0 0 0};
T_2.11 ;
    %wait E_000001a9d23f78d0;
    %end;
S_000001a9d23a4820 .scope task, "ss" "ss" 2 285, 2 285 0, S_000001a9d237f760;
 .timescale -9 -12;
v000001a9d27a2340_0 .var/s "in1", 31 0;
TD_fir_tb.ss ;
    %pushi/vec4 1, 0, 1;
    %assign/vec4 v000001a9d27a45d0_0, 0;
    %load/vec4 v000001a9d27a2340_0;
    %assign/vec4 v000001a9d27a5890_0, 0;
    %wait E_000001a9d23f78d0;
T_3.12 ;
    %load/vec4 v000001a9d27a4710_0;
    %nor/r;
    %flag_set/vec4 8;
    %jmp/0xz T_3.13, 8;
    %wait E_000001a9d23f78d0;
    %jmp T_3.12;
T_3.13 ;
    %end;
S_000001a9d23a49b0 .scope module, "tap_RAM" "bram11" 2 113, 3 3 0, S_000001a9d237f760;
 .timescale -9 -12;
    .port_info 0 /INPUT 1 "CLK";
    .port_info 1 /INPUT 4 "WE";
    .port_info 2 /INPUT 1 "EN";
    .port_info 3 /INPUT 32 "Di";
    .port_info 4 /OUTPUT 32 "Do";
    .port_info 5 /INPUT 12 "A";
L_000001a9d27a98a8 .functor BUFT 1, C4<11111111111111111111111111111111>, C4<0>, C4<0>, C4<0>;
L_000001a9d2401160 .functor AND 32, L_000001a9d27a98a8, L_000001a9d27a77d0, C4<11111111111111111111111111111111>, C4<11111111111111111111111111111111>;
v000001a9d27a23e0_0 .net "A", 11 0, L_000001a9d27a8810;  alias, 1 drivers
v000001a9d27a2b60_0 .net "CLK", 0 0, v000001a9d27a4f30_0;  alias, 1 drivers
v000001a9d27a2520_0 .net "Di", 31 0, L_000001a9d2400fa0;  alias, 1 drivers
v000001a9d27a2660_0 .net8 "Do", 31 0, RS_000001a9d2408be8;  alias, 2 drivers
v000001a9d27a2c00_0 .net "EN", 0 0, L_000001a9d27a9500;  alias, 1 drivers
v000001a9d27a2e80 .array "RAM", 10 0, 31 0;
v000001a9d27a2f20_0 .net "WE", 3 0, L_000001a9d27a89f0;  alias, 1 drivers
v000001a9d27a32e0_0 .net *"_ivl_0", 31 0, L_000001a9d27a98a8;  1 drivers
v000001a9d27a4350_0 .net *"_ivl_2", 31 0, L_000001a9d27a77d0;  1 drivers
v000001a9d27a4cb0_0 .net *"_ivl_4", 11 0, L_000001a9d27a7b90;  1 drivers
v000001a9d27a57f0_0 .net *"_ivl_6", 9 0, L_000001a9d27a8b30;  1 drivers
L_000001a9d27a9788 .functor BUFT 1, C4<00>, C4<0>, C4<0>, C4<0>;
v000001a9d27a59d0_0 .net *"_ivl_8", 1 0, L_000001a9d27a9788;  1 drivers
v000001a9d27a47b0_0 .var "r_A", 11 0;
L_000001a9d27a77d0 .array/port v000001a9d27a2e80, L_000001a9d27a7b90;
L_000001a9d27a8b30 .part v000001a9d27a47b0_0, 2, 10;
L_000001a9d27a7b90 .concat [ 10 2 0 0], L_000001a9d27a8b30, L_000001a9d27a9788;
    .scope S_000001a9d23e6fa0;
T_4 ;
    %wait E_000001a9d23f78d0;
    %load/vec4 v000001a9d23e4430_0;
    %assign/vec4 v000001a9d27a1b90_0, 0;
    %jmp T_4;
    .thread T_4;
    .scope S_000001a9d23e6fa0;
T_5 ;
    %wait E_000001a9d23f78d0;
    %load/vec4 v000001a9d27a1730_0;
    %flag_set/vec4 8;
    %jmp/0xz  T_5.0, 8;
    %load/vec4 v000001a9d27a0fb0_0;
    %parti/s 1, 0, 2;
    %flag_set/vec4 8;
    %jmp/0xz  T_5.2, 8;
    %load/vec4 v000001a9d27a01f0_0;
    %parti/s 8, 0, 2;
    %load/vec4 v000001a9d23e4430_0;
    %ix/load 4, 2, 0;
    %flag_set/imm 4, 0;
    %shiftr 4;
    %ix/vec4 3;
    %ix/load 4, 0, 0; Constant delay
    %assign/vec4/a/d v000001a9d27a17d0, 0, 4;
T_5.2 ;
    %load/vec4 v000001a9d27a0fb0_0;
    %parti/s 1, 1, 2;
    %flag_set/vec4 8;
    %jmp/0xz  T_5.4, 8;
    %load/vec4 v000001a9d27a01f0_0;
    %parti/s 8, 8, 5;
    %load/vec4 v000001a9d23e4430_0;
    %ix/load 4, 2, 0;
    %flag_set/imm 4, 0;
    %shiftr 4;
    %ix/vec4 3;
    %ix/load 4, 8, 0; part off
    %ix/load 5, 0, 0; Constant delay
    %assign/vec4/a/d v000001a9d27a17d0, 4, 5;
T_5.4 ;
    %load/vec4 v000001a9d27a0fb0_0;
    %parti/s 1, 2, 3;
    %flag_set/vec4 8;
    %jmp/0xz  T_5.6, 8;
    %load/vec4 v000001a9d27a01f0_0;
    %parti/s 8, 16, 6;
    %load/vec4 v000001a9d23e4430_0;
    %ix/load 4, 2, 0;
    %flag_set/imm 4, 0;
    %shiftr 4;
    %ix/vec4 3;
    %ix/load 4, 16, 0; part off
    %ix/load 5, 0, 0; Constant delay
    %assign/vec4/a/d v000001a9d27a17d0, 4, 5;
T_5.6 ;
    %load/vec4 v000001a9d27a0fb0_0;
    %parti/s 1, 3, 3;
    %flag_set/vec4 8;
    %jmp/0xz  T_5.8, 8;
    %load/vec4 v000001a9d27a01f0_0;
    %parti/s 8, 24, 6;
    %load/vec4 v000001a9d23e4430_0;
    %ix/load 4, 2, 0;
    %flag_set/imm 4, 0;
    %shiftr 4;
    %ix/vec4 3;
    %ix/load 4, 24, 0; part off
    %ix/load 5, 0, 0; Constant delay
    %assign/vec4/a/d v000001a9d27a17d0, 4, 5;
T_5.8 ;
T_5.0 ;
    %jmp T_5;
    .thread T_5;
    .scope S_000001a9d23ed950;
T_6 ;
    %wait E_000001a9d23f78d0;
    %load/vec4 v000001a9d23e4f70_0;
    %assign/vec4 v000001a9d23e5e70_0, 0;
    %jmp T_6;
    .thread T_6;
    .scope S_000001a9d23ed950;
T_7 ;
    %wait E_000001a9d23f78d0;
    %load/vec4 v000001a9d23e5470_0;
    %flag_set/vec4 8;
    %jmp/0xz  T_7.0, 8;
    %load/vec4 v000001a9d23e50b0_0;
    %parti/s 1, 0, 2;
    %flag_set/vec4 8;
    %jmp/0xz  T_7.2, 8;
    %load/vec4 v000001a9d23e53d0_0;
    %parti/s 8, 0, 2;
    %load/vec4 v000001a9d23e4f70_0;
    %ix/load 4, 2, 0;
    %flag_set/imm 4, 0;
    %shiftr 4;
    %ix/vec4 3;
    %ix/load 4, 0, 0; Constant delay
    %assign/vec4/a/d v000001a9d23e4b10, 0, 4;
T_7.2 ;
    %load/vec4 v000001a9d23e50b0_0;
    %parti/s 1, 1, 2;
    %flag_set/vec4 8;
    %jmp/0xz  T_7.4, 8;
    %load/vec4 v000001a9d23e53d0_0;
    %parti/s 8, 8, 5;
    %load/vec4 v000001a9d23e4f70_0;
    %ix/load 4, 2, 0;
    %flag_set/imm 4, 0;
    %shiftr 4;
    %ix/vec4 3;
    %ix/load 4, 8, 0; part off
    %ix/load 5, 0, 0; Constant delay
    %assign/vec4/a/d v000001a9d23e4b10, 4, 5;
T_7.4 ;
    %load/vec4 v000001a9d23e50b0_0;
    %parti/s 1, 2, 3;
    %flag_set/vec4 8;
    %jmp/0xz  T_7.6, 8;
    %load/vec4 v000001a9d23e53d0_0;
    %parti/s 8, 16, 6;
    %load/vec4 v000001a9d23e4f70_0;
    %ix/load 4, 2, 0;
    %flag_set/imm 4, 0;
    %shiftr 4;
    %ix/vec4 3;
    %ix/load 4, 16, 0; part off
    %ix/load 5, 0, 0; Constant delay
    %assign/vec4/a/d v000001a9d23e4b10, 4, 5;
T_7.6 ;
    %load/vec4 v000001a9d23e50b0_0;
    %parti/s 1, 3, 3;
    %flag_set/vec4 8;
    %jmp/0xz  T_7.8, 8;
    %load/vec4 v000001a9d23e53d0_0;
    %parti/s 8, 24, 6;
    %load/vec4 v000001a9d23e4f70_0;
    %ix/load 4, 2, 0;
    %flag_set/imm 4, 0;
    %shiftr 4;
    %ix/vec4 3;
    %ix/load 4, 24, 0; part off
    %ix/load 5, 0, 0; Constant delay
    %assign/vec4/a/d v000001a9d23e4b10, 4, 5;
T_7.8 ;
T_7.0 ;
    %jmp T_7;
    .thread T_7;
    .scope S_000001a9d237de00;
T_8 ;
    %pushi/vec4 0, 0, 12;
    %store/vec4 v000001a9d27a2ac0_0, 0, 12;
    %pushi/vec4 0, 0, 12;
    %store/vec4 v000001a9d27a3880_0, 0, 12;
    %pushi/vec4 0, 0, 32;
    %store/vec4 v000001a9d27a0c90_0, 0, 32;
    %pushi/vec4 0, 0, 5;
    %store/vec4 v000001a9d27a34c0_0, 0, 5;
    %pushi/vec4 0, 0, 1;
    %store/vec4 v000001a9d27a3ce0_0, 0, 1;
    %pushi/vec4 0, 0, 3;
    %store/vec4 v000001a9d27a2de0_0, 0, 3;
    %end;
    .thread T_8;
    .scope S_000001a9d237de00;
T_9 ;
    %wait E_000001a9d23f78d0;
    %load/vec4 v000001a9d27a2840_0;
    %nor/r;
    %flag_set/vec4 8;
    %jmp/0xz  T_9.0, 8;
    %pushi/vec4 0, 0, 1;
    %assign/vec4 v000001a9d27a3420_0, 0;
    %pushi/vec4 0, 0, 1;
    %assign/vec4 v000001a9d27a3920_0, 0;
    %jmp T_9.1;
T_9.0 ;
    %load/vec4 v000001a9d27a25c0_0;
    %flag_set/vec4 8;
    %flag_get/vec4 8;
    %jmp/0 T_9.2, 8;
    %load/vec4 v000001a9d27a3420_0;
    %nor/r;
    %and;
T_9.2;
    %assign/vec4 v000001a9d27a3420_0, 0;
    %load/vec4 v000001a9d27a3560_0;
    %flag_set/vec4 8;
    %flag_get/vec4 8;
    %jmp/0 T_9.3, 8;
    %load/vec4 v000001a9d27a3920_0;
    %nor/r;
    %and;
T_9.3;
    %assign/vec4 v000001a9d27a3920_0, 0;
T_9.1 ;
    %jmp T_9;
    .thread T_9;
    .scope S_000001a9d237de00;
T_10 ;
    %wait E_000001a9d23f78d0;
    %load/vec4 v000001a9d27a2840_0;
    %nor/r;
    %flag_set/vec4 8;
    %jmp/0xz  T_10.0, 8;
    %pushi/vec4 0, 0, 1;
    %assign/vec4 v000001a9d27a37e0_0, 0;
    %pushi/vec4 0, 0, 1;
    %assign/vec4 v000001a9d27a2fc0_0, 0;
    %jmp T_10.1;
T_10.0 ;
    %load/vec4 v000001a9d27a0f10_0;
    %flag_set/vec4 9;
    %flag_get/vec4 9;
    %jmp/0 T_10.4, 9;
    %load/vec4 v000001a9d27a37e0_0;
    %nor/r;
    %and;
T_10.4;
    %flag_set/vec4 8;
    %jmp/0xz  T_10.2, 8;
    %pushi/vec4 1, 0, 1;
    %assign/vec4 v000001a9d27a37e0_0, 0;
    %pushi/vec4 1, 0, 1;
    %assign/vec4 v000001a9d27a2fc0_0, 0;
    %load/vec4 v000001a9d27a0b50_0;
    %pad/u 32;
    %cmpi/u 11, 0, 32;
    %jmp/0xz  T_10.5, 5;
    %load/vec4 v000001a9d27a2980_0;
    %assign/vec4 v000001a9d27a4000_0, 0;
    %jmp T_10.6;
T_10.5 ;
    %pushi/vec4 0, 0, 32;
    %assign/vec4 v000001a9d27a4000_0, 0;
T_10.6 ;
    %jmp T_10.3;
T_10.2 ;
    %pushi/vec4 0, 0, 1;
    %assign/vec4 v000001a9d27a37e0_0, 0;
    %load/vec4 v000001a9d27a28e0_0;
    %flag_set/vec4 8;
    %jmp/0xz  T_10.7, 8;
    %pushi/vec4 0, 0, 1;
    %assign/vec4 v000001a9d27a2fc0_0, 0;
T_10.7 ;
T_10.3 ;
T_10.1 ;
    %jmp T_10;
    .thread T_10;
    .scope S_000001a9d237de00;
T_11 ;
    %wait E_000001a9d23f78d0;
    %load/vec4 v000001a9d27a2840_0;
    %nor/r;
    %flag_set/vec4 8;
    %jmp/0xz  T_11.0, 8;
    %pushi/vec4 0, 0, 12;
    %assign/vec4 v000001a9d27a2ac0_0, 0;
    %jmp T_11.1;
T_11.0 ;
    %load/vec4 v000001a9d27a3d80_0;
    %flag_set/vec4 9;
    %flag_get/vec4 9;
    %jmp/0 T_11.4, 9;
    %load/vec4 v000001a9d27a3060_0;
    %and;
T_11.4;
    %flag_set/vec4 8;
    %jmp/0xz  T_11.2, 8;
    %load/vec4 v000001a9d27a2ac0_0;
    %addi 1, 0, 12;
    %assign/vec4 v000001a9d27a2ac0_0, 0;
T_11.2 ;
T_11.1 ;
    %jmp T_11;
    .thread T_11;
    .scope S_000001a9d237de00;
T_12 ;
    %wait E_000001a9d23f78d0;
    %load/vec4 v000001a9d27a2840_0;
    %nor/r;
    %flag_set/vec4 8;
    %jmp/0xz  T_12.0, 8;
    %pushi/vec4 0, 0, 3;
    %assign/vec4 v000001a9d27a2de0_0, 0;
    %pushi/vec4 0, 0, 32;
    %assign/vec4 v000001a9d27a0c90_0, 0;
    %pushi/vec4 0, 0, 5;
    %assign/vec4 v000001a9d27a34c0_0, 0;
    %pushi/vec4 0, 0, 1;
    %assign/vec4 v000001a9d27a3ce0_0, 0;
    %jmp T_12.1;
T_12.0 ;
    %load/vec4 v000001a9d27a2de0_0;
    %dup/vec4;
    %pushi/vec4 0, 0, 3;
    %cmp/u;
    %jmp/1 T_12.2, 6;
    %dup/vec4;
    %pushi/vec4 1, 0, 3;
    %cmp/u;
    %jmp/1 T_12.3, 6;
    %dup/vec4;
    %pushi/vec4 2, 0, 3;
    %cmp/u;
    %jmp/1 T_12.4, 6;
    %jmp T_12.5;
T_12.2 ;
    %load/vec4 v000001a9d27a3e20_0;
    %flag_set/vec4 8;
    %jmp/0xz  T_12.6, 8;
    %load/vec4 v000001a9d27a2ac0_0;
    %pad/u 32;
    %subi 11, 0, 32;
    %pad/u 12;
    %assign/vec4 v000001a9d27a3880_0, 0;
    %pushi/vec4 1, 0, 3;
    %assign/vec4 v000001a9d27a2de0_0, 0;
T_12.6 ;
    %jmp T_12.5;
T_12.3 ;
    %load/vec4 v000001a9d27a34c0_0;
    %pad/u 32;
    %cmpi/u 11, 0, 32;
    %jmp/0xz  T_12.8, 5;
    %load/vec4 v000001a9d27a0c90_0;
    %load/vec4 v000001a9d27a3380_0;
    %load/vec4 v000001a9d27a2980_0;
    %mul;
    %add;
    %assign/vec4 v000001a9d27a0c90_0, 0;
    %load/vec4 v000001a9d27a34c0_0;
    %addi 1, 0, 5;
    %assign/vec4 v000001a9d27a34c0_0, 0;
    %jmp T_12.9;
T_12.8 ;
    %pushi/vec4 1, 0, 1;
    %assign/vec4 v000001a9d27a3ce0_0, 0;
    %pushi/vec4 2, 0, 3;
    %assign/vec4 v000001a9d27a2de0_0, 0;
T_12.9 ;
    %jmp T_12.5;
T_12.4 ;
    %load/vec4 v000001a9d27a3e20_0;
    %flag_set/vec4 8;
    %jmp/0xz  T_12.10, 8;
    %pushi/vec4 0, 0, 1;
    %assign/vec4 v000001a9d27a3ce0_0, 0;
    %pushi/vec4 0, 0, 32;
    %assign/vec4 v000001a9d27a0c90_0, 0;
    %pushi/vec4 0, 0, 5;
    %assign/vec4 v000001a9d27a34c0_0, 0;
    %pushi/vec4 0, 0, 3;
    %assign/vec4 v000001a9d27a2de0_0, 0;
T_12.10 ;
    %jmp T_12.5;
T_12.5 ;
    %pop/vec4 1;
T_12.1 ;
    %jmp T_12;
    .thread T_12;
    .scope S_000001a9d23a49b0;
T_13 ;
    %wait E_000001a9d23f78d0;
    %load/vec4 v000001a9d27a23e0_0;
    %assign/vec4 v000001a9d27a47b0_0, 0;
    %jmp T_13;
    .thread T_13;
    .scope S_000001a9d23a49b0;
T_14 ;
    %wait E_000001a9d23f78d0;
    %load/vec4 v000001a9d27a2c00_0;
    %flag_set/vec4 8;
    %jmp/0xz  T_14.0, 8;
    %load/vec4 v000001a9d27a2f20_0;
    %parti/s 1, 0, 2;
    %flag_set/vec4 8;
    %jmp/0xz  T_14.2, 8;
    %load/vec4 v000001a9d27a2520_0;
    %parti/s 8, 0, 2;
    %load/vec4 v000001a9d27a23e0_0;
    %ix/load 4, 2, 0;
    %flag_set/imm 4, 0;
    %shiftr 4;
    %ix/vec4 3;
    %ix/load 4, 0, 0; Constant delay
    %assign/vec4/a/d v000001a9d27a2e80, 0, 4;
T_14.2 ;
    %load/vec4 v000001a9d27a2f20_0;
    %parti/s 1, 1, 2;
    %flag_set/vec4 8;
    %jmp/0xz  T_14.4, 8;
    %load/vec4 v000001a9d27a2520_0;
    %parti/s 8, 8, 5;
    %load/vec4 v000001a9d27a23e0_0;
    %ix/load 4, 2, 0;
    %flag_set/imm 4, 0;
    %shiftr 4;
    %ix/vec4 3;
    %ix/load 4, 8, 0; part off
    %ix/load 5, 0, 0; Constant delay
    %assign/vec4/a/d v000001a9d27a2e80, 4, 5;
T_14.4 ;
    %load/vec4 v000001a9d27a2f20_0;
    %parti/s 1, 2, 3;
    %flag_set/vec4 8;
    %jmp/0xz  T_14.6, 8;
    %load/vec4 v000001a9d27a2520_0;
    %parti/s 8, 16, 6;
    %load/vec4 v000001a9d27a23e0_0;
    %ix/load 4, 2, 0;
    %flag_set/imm 4, 0;
    %shiftr 4;
    %ix/vec4 3;
    %ix/load 4, 16, 0; part off
    %ix/load 5, 0, 0; Constant delay
    %assign/vec4/a/d v000001a9d27a2e80, 4, 5;
T_14.6 ;
    %load/vec4 v000001a9d27a2f20_0;
    %parti/s 1, 3, 3;
    %flag_set/vec4 8;
    %jmp/0xz  T_14.8, 8;
    %load/vec4 v000001a9d27a2520_0;
    %parti/s 8, 24, 6;
    %load/vec4 v000001a9d27a23e0_0;
    %ix/load 4, 2, 0;
    %flag_set/imm 4, 0;
    %shiftr 4;
    %ix/vec4 3;
    %ix/load 4, 24, 0; part off
    %ix/load 5, 0, 0; Constant delay
    %assign/vec4/a/d v000001a9d27a2e80, 4, 5;
T_14.8 ;
T_14.0 ;
    %jmp T_14;
    .thread T_14;
    .scope S_000001a9d23ffb00;
T_15 ;
    %wait E_000001a9d23f78d0;
    %load/vec4 v000001a9d23e4610_0;
    %assign/vec4 v000001a9d23e49d0_0, 0;
    %jmp T_15;
    .thread T_15;
    .scope S_000001a9d23ffb00;
T_16 ;
    %wait E_000001a9d23f78d0;
    %load/vec4 v000001a9d23e41b0_0;
    %flag_set/vec4 8;
    %jmp/0xz  T_16.0, 8;
    %load/vec4 v000001a9d23e5790_0;
    %parti/s 1, 0, 2;
    %flag_set/vec4 8;
    %jmp/0xz  T_16.2, 8;
    %load/vec4 v000001a9d23e56f0_0;
    %parti/s 8, 0, 2;
    %load/vec4 v000001a9d23e4610_0;
    %ix/load 4, 2, 0;
    %flag_set/imm 4, 0;
    %shiftr 4;
    %ix/vec4 3;
    %ix/load 4, 0, 0; Constant delay
    %assign/vec4/a/d v000001a9d23e4a70, 0, 4;
T_16.2 ;
    %load/vec4 v000001a9d23e5790_0;
    %parti/s 1, 1, 2;
    %flag_set/vec4 8;
    %jmp/0xz  T_16.4, 8;
    %load/vec4 v000001a9d23e56f0_0;
    %parti/s 8, 8, 5;
    %load/vec4 v000001a9d23e4610_0;
    %ix/load 4, 2, 0;
    %flag_set/imm 4, 0;
    %shiftr 4;
    %ix/vec4 3;
    %ix/load 4, 8, 0; part off
    %ix/load 5, 0, 0; Constant delay
    %assign/vec4/a/d v000001a9d23e4a70, 4, 5;
T_16.4 ;
    %load/vec4 v000001a9d23e5790_0;
    %parti/s 1, 2, 3;
    %flag_set/vec4 8;
    %jmp/0xz  T_16.6, 8;
    %load/vec4 v000001a9d23e56f0_0;
    %parti/s 8, 16, 6;
    %load/vec4 v000001a9d23e4610_0;
    %ix/load 4, 2, 0;
    %flag_set/imm 4, 0;
    %shiftr 4;
    %ix/vec4 3;
    %ix/load 4, 16, 0; part off
    %ix/load 5, 0, 0; Constant delay
    %assign/vec4/a/d v000001a9d23e4a70, 4, 5;
T_16.6 ;
    %load/vec4 v000001a9d23e5790_0;
    %parti/s 1, 3, 3;
    %flag_set/vec4 8;
    %jmp/0xz  T_16.8, 8;
    %load/vec4 v000001a9d23e56f0_0;
    %parti/s 8, 24, 6;
    %load/vec4 v000001a9d23e4610_0;
    %ix/load 4, 2, 0;
    %flag_set/imm 4, 0;
    %shiftr 4;
    %ix/vec4 3;
    %ix/load 4, 24, 0; part off
    %ix/load 5, 0, 0; Constant delay
    %assign/vec4/a/d v000001a9d23e4a70, 4, 5;
T_16.8 ;
T_16.0 ;
    %jmp T_16;
    .thread T_16;
    .scope S_000001a9d237f760;
T_17 ;
    %pushi/vec4 1000000, 0, 32;
    %store/vec4 v000001a9d27a5750_0, 0, 32;
    %end;
    .thread T_17;
    .scope S_000001a9d237f760;
T_18 ;
    %vpi_call 2 136 "$dumpfile", "fir.vcd" {0 0 0};
    %vpi_call 2 137 "$dumpvars" {0 0 0};
    %end;
    .thread T_18;
    .scope S_000001a9d237f760;
T_19 ;
    %pushi/vec4 0, 0, 1;
    %store/vec4 v000001a9d27a4f30_0, 0, 1;
T_19.0 ;
    %delay 5000, 0;
    %load/vec4 v000001a9d27a4f30_0;
    %inv;
    %store/vec4 v000001a9d27a4f30_0, 0, 1;
    %jmp T_19.0;
    %end;
    .thread T_19;
    .scope S_000001a9d237f760;
T_20 ;
    %pushi/vec4 0, 0, 1;
    %store/vec4 v000001a9d27a4490_0, 0, 1;
    %wait E_000001a9d23f78d0;
    %wait E_000001a9d23f78d0;
    %pushi/vec4 1, 0, 1;
    %store/vec4 v000001a9d27a4490_0, 0, 1;
    %end;
    .thread T_20;
    .scope S_000001a9d237f760;
T_21 ;
    %pushi/vec4 0, 0, 32;
    %store/vec4 v000001a9d27a5430_0, 0, 32;
    %vpi_func 2 158 "$fopen" 32, "./samples_triangular_wave.dat", "r" {0 0 0};
    %store/vec4 v000001a9d27a4990_0, 0, 32;
    %vpi_func 2 159 "$fopen" 32, "./out_gold.dat", "r" {0 0 0};
    %store/vec4 v000001a9d27a4b70_0, 0, 32;
    %pushi/vec4 0, 0, 32;
    %store/vec4 v000001a9d27a5110_0, 0, 32;
T_21.0 ;
    %load/vec4 v000001a9d27a5110_0;
    %cmpi/s 600, 0, 32;
    %jmp/0xz T_21.1, 5;
    %vpi_func 2 161 "$fscanf" 32, v000001a9d27a4990_0, "%d", &A<v000001a9d27a43f0, v000001a9d27a5110_0 > {0 0 0};
    %store/vec4 v000001a9d27a4c10_0, 0, 32;
    %vpi_func 2 162 "$fscanf" 32, v000001a9d27a4b70_0, "%d", &A<v000001a9d27a4df0, v000001a9d27a5110_0 > {0 0 0};
    %store/vec4 v000001a9d27a4530_0, 0, 32;
    %load/vec4 v000001a9d27a5430_0;
    %addi 1, 0, 32;
    %store/vec4 v000001a9d27a5430_0, 0, 32;
    %load/vec4 v000001a9d27a5110_0;
    %addi 1, 0, 32;
    %store/vec4 v000001a9d27a5110_0, 0, 32;
    %jmp T_21.0;
T_21.1 ;
    %end;
    .thread T_21;
    .scope S_000001a9d237f760;
T_22 ;
    %vpi_call 2 169 "$display", "------------Start simulation-----------" {0 0 0};
    %pushi/vec4 0, 0, 1;
    %store/vec4 v000001a9d27a45d0_0, 0, 1;
    %vpi_call 2 171 "$display", "----Start the data input(AXI-Stream)----" {0 0 0};
    %pushi/vec4 0, 0, 32;
    %store/vec4 v000001a9d27a5b10_0, 0, 32;
T_22.0 ;
    %load/vec4 v000001a9d27a5b10_0;
    %load/vec4 v000001a9d27a5430_0;
    %subi 1, 0, 32;
    %cmp/u;
    %jmp/0xz T_22.1, 5;
    %pushi/vec4 0, 0, 1;
    %store/vec4 v000001a9d27a5570_0, 0, 1;
    %ix/getv/s 4, v000001a9d27a5b10_0;
    %load/vec4a v000001a9d27a43f0, 4;
    %store/vec4 v000001a9d27a2340_0, 0, 32;
    %fork TD_fir_tb.ss, S_000001a9d23a4820;
    %join;
    %load/vec4 v000001a9d27a5b10_0;
    %addi 1, 0, 32;
    %store/vec4 v000001a9d27a5b10_0, 0, 32;
    %jmp T_22.0;
T_22.1 ;
    %pushi/vec4 0, 0, 12;
    %store/vec4 v000001a9d23e44d0_0, 0, 12;
    %pushi/vec4 0, 0, 32;
    %store/vec4 v000001a9d23e55b0_0, 0, 32;
    %pushi/vec4 15, 0, 32;
    %store/vec4 v000001a9d23e4cf0_0, 0, 32;
    %fork TD_fir_tb.config_read_check, S_000001a9d23f9cf0;
    %join;
    %pushi/vec4 1, 0, 1;
    %store/vec4 v000001a9d27a5570_0, 0, 1;
    %ix/load 4, 599, 0;
    %flag_set/imm 4, 0;
    %load/vec4a v000001a9d27a43f0, 4;
    %store/vec4 v000001a9d27a2340_0, 0, 32;
    %fork TD_fir_tb.ss, S_000001a9d23a4820;
    %join;
    %vpi_call 2 177 "$display", "------End the data input(AXI-Stream)------" {0 0 0};
    %end;
    .thread T_22;
    .scope S_000001a9d237f760;
T_23 ;
    %pushi/vec4 0, 0, 1;
    %store/vec4 v000001a9d27a4670_0, 0, 1;
    %pushi/vec4 0, 0, 1;
    %store/vec4 v000001a9d27a5cf0_0, 0, 1;
    %pushi/vec4 1, 0, 1;
    %store/vec4 v000001a9d27a52f0_0, 0, 1;
T_23.0 ;
    %load/vec4 v000001a9d27a54d0_0;
    %cmpi/ne 1, 0, 1;
    %jmp/0xz T_23.1, 6;
    %wait E_000001a9d23f7ad0;
    %jmp T_23.0;
T_23.1 ;
    %pushi/vec4 0, 0, 32;
    %store/vec4 v000001a9d27a4fd0_0, 0, 32;
T_23.2 ;
    %load/vec4 v000001a9d27a4fd0_0;
    %load/vec4 v000001a9d27a5430_0;
    %cmp/u;
    %jmp/0xz T_23.3, 5;
    %ix/getv/s 4, v000001a9d27a4fd0_0;
    %load/vec4a v000001a9d27a4df0, 4;
    %store/vec4 v000001a9d27a3f60_0, 0, 32;
    %load/vec4 v000001a9d27a4fd0_0;
    %store/vec4 v000001a9d27a3240_0, 0, 32;
    %fork TD_fir_tb.sm, S_000001a9d23e7130;
    %join;
    %load/vec4 v000001a9d27a4fd0_0;
    %addi 1, 0, 32;
    %store/vec4 v000001a9d27a4fd0_0, 0, 32;
    %jmp T_23.2;
T_23.3 ;
    %pushi/vec4 0, 0, 12;
    %store/vec4 v000001a9d23e44d0_0, 0, 12;
    %pushi/vec4 2, 0, 32;
    %store/vec4 v000001a9d23e55b0_0, 0, 32;
    %pushi/vec4 2, 0, 32;
    %store/vec4 v000001a9d23e4cf0_0, 0, 32;
    %fork TD_fir_tb.config_read_check, S_000001a9d23f9cf0;
    %join;
    %pushi/vec4 0, 0, 12;
    %store/vec4 v000001a9d23e44d0_0, 0, 12;
    %pushi/vec4 4, 0, 32;
    %store/vec4 v000001a9d23e55b0_0, 0, 32;
    %pushi/vec4 4, 0, 32;
    %store/vec4 v000001a9d23e4cf0_0, 0, 32;
    %fork TD_fir_tb.config_read_check, S_000001a9d23f9cf0;
    %join;
    %load/vec4 v000001a9d27a4670_0;
    %pad/u 32;
    %pushi/vec4 0, 0, 32;
    %cmp/e;
    %flag_get/vec4 4;
    %load/vec4 v000001a9d27a5d90_0;
    %pad/u 32;
    %pushi/vec4 0, 0, 32;
    %cmp/e;
    %flag_get/vec4 4;
    %and;
    %flag_set/vec4 8;
    %jmp/0xz  T_23.4, 8;
    %vpi_call 2 193 "$display", "---------------------------------------------" {0 0 0};
    %vpi_call 2 194 "$display", "-----------Congratulations! Pass-------------" {0 0 0};
    %jmp T_23.5;
T_23.4 ;
    %vpi_call 2 197 "$display", "--------Simulation Failed---------" {0 0 0};
T_23.5 ;
    %vpi_call 2 199 "$finish" {0 0 0};
    %end;
    .thread T_23;
    .scope S_000001a9d237f760;
T_24 ;
T_24.0 ;
    %load/vec4 v000001a9d27a5750_0;
    %cmpi/s 0, 0, 32;
    %flag_or 5, 4; GT is !LE
    %flag_inv 5;
    %jmp/0xz T_24.1, 5;
    %wait E_000001a9d23f78d0;
    %load/vec4 v000001a9d27a5750_0;
    %subi 1, 0, 32;
    %store/vec4 v000001a9d27a5750_0, 0, 32;
    %jmp T_24.0;
T_24.1 ;
    %vpi_call 2 209 "$display", $time, "Simualtion Hang ...." {0 0 0};
    %vpi_call 2 210 "$finish" {0 0 0};
    %end;
    .thread T_24;
    .scope S_000001a9d237f760;
T_25 ;
    %pushi/vec4 0, 0, 32;
    %ix/load 4, 0, 0;
    %flag_set/imm 4, 0;
    %store/vec4a v000001a9d27a4ad0, 4, 0;
    %pushi/vec4 4294967286, 0, 32;
    %ix/load 4, 1, 0;
    %flag_set/imm 4, 0;
    %store/vec4a v000001a9d27a4ad0, 4, 0;
    %pushi/vec4 4294967287, 0, 32;
    %ix/load 4, 2, 0;
    %flag_set/imm 4, 0;
    %store/vec4a v000001a9d27a4ad0, 4, 0;
    %pushi/vec4 23, 0, 32;
    %ix/load 4, 3, 0;
    %flag_set/imm 4, 0;
    %store/vec4a v000001a9d27a4ad0, 4, 0;
    %pushi/vec4 56, 0, 32;
    %ix/load 4, 4, 0;
    %flag_set/imm 4, 0;
    %store/vec4a v000001a9d27a4ad0, 4, 0;
    %pushi/vec4 63, 0, 32;
    %ix/load 4, 5, 0;
    %flag_set/imm 4, 0;
    %store/vec4a v000001a9d27a4ad0, 4, 0;
    %pushi/vec4 56, 0, 32;
    %ix/load 4, 6, 0;
    %flag_set/imm 4, 0;
    %store/vec4a v000001a9d27a4ad0, 4, 0;
    %pushi/vec4 23, 0, 32;
    %ix/load 4, 7, 0;
    %flag_set/imm 4, 0;
    %store/vec4a v000001a9d27a4ad0, 4, 0;
    %pushi/vec4 4294967287, 0, 32;
    %ix/load 4, 8, 0;
    %flag_set/imm 4, 0;
    %store/vec4a v000001a9d27a4ad0, 4, 0;
    %pushi/vec4 4294967286, 0, 32;
    %ix/load 4, 9, 0;
    %flag_set/imm 4, 0;
    %store/vec4a v000001a9d27a4ad0, 4, 0;
    %pushi/vec4 0, 0, 32;
    %ix/load 4, 10, 0;
    %flag_set/imm 4, 0;
    %store/vec4a v000001a9d27a4ad0, 4, 0;
    %end;
    .thread T_25;
    .scope S_000001a9d237f760;
T_26 ;
    %pushi/vec4 0, 0, 1;
    %store/vec4 v000001a9d27a5d90_0, 0, 1;
    %vpi_call 2 232 "$display", "----Start the coefficient input(AXI-lite)----" {0 0 0};
    %pushi/vec4 16, 0, 12;
    %store/vec4 v000001a9d23e4d90_0, 0, 12;
    %load/vec4 v000001a9d27a5430_0;
    %store/vec4 v000001a9d23e4110_0, 0, 32;
    %fork TD_fir_tb.config_write, S_000001a9d233bc00;
    %join;
    %pushi/vec4 0, 0, 32;
    %store/vec4 v000001a9d27a4fd0_0, 0, 32;
T_26.0 ;
    %load/vec4 v000001a9d27a4fd0_0;
    %cmpi/s 11, 0, 32;
    %jmp/0xz T_26.1, 5;
    %pushi/vec4 32, 0, 32;
    %load/vec4 v000001a9d27a4fd0_0;
    %muli 4, 0, 32;
    %add;
    %pad/u 12;
    %store/vec4 v000001a9d23e4d90_0, 0, 12;
    %ix/getv/s 4, v000001a9d27a4fd0_0;
    %load/vec4a v000001a9d27a4ad0, 4;
    %store/vec4 v000001a9d23e4110_0, 0, 32;
    %fork TD_fir_tb.config_write, S_000001a9d233bc00;
    %join;
    %load/vec4 v000001a9d27a4fd0_0;
    %addi 1, 0, 32;
    %store/vec4 v000001a9d27a4fd0_0, 0, 32;
    %jmp T_26.0;
T_26.1 ;
    %pushi/vec4 0, 0, 1;
    %assign/vec4 v000001a9d27a5070_0, 0;
    %pushi/vec4 0, 0, 1;
    %assign/vec4 v000001a9d27a84f0_0, 0;
    %vpi_call 2 239 "$display", " Check Coefficient ..." {0 0 0};
    %pushi/vec4 0, 0, 32;
    %store/vec4 v000001a9d27a4fd0_0, 0, 32;
T_26.2 ;
    %load/vec4 v000001a9d27a4fd0_0;
    %cmpi/s 11, 0, 32;
    %jmp/0xz T_26.3, 5;
    %pushi/vec4 32, 0, 32;
    %load/vec4 v000001a9d27a4fd0_0;
    %muli 4, 0, 32;
    %add;
    %pad/u 12;
    %store/vec4 v000001a9d23e44d0_0, 0, 12;
    %ix/getv/s 4, v000001a9d27a4fd0_0;
    %load/vec4a v000001a9d27a4ad0, 4;
    %store/vec4 v000001a9d23e55b0_0, 0, 32;
    %pushi/vec4 4294967295, 0, 32;
    %store/vec4 v000001a9d23e4cf0_0, 0, 32;
    %fork TD_fir_tb.config_read_check, S_000001a9d23f9cf0;
    %join;
    %load/vec4 v000001a9d27a4fd0_0;
    %addi 1, 0, 32;
    %store/vec4 v000001a9d27a4fd0_0, 0, 32;
    %jmp T_26.2;
T_26.3 ;
    %pushi/vec4 0, 0, 1;
    %assign/vec4 v000001a9d27a5930_0, 0;
    %vpi_call 2 244 "$display", " Tape programming done ..." {0 0 0};
    %vpi_call 2 245 "$display", " Start FIR" {0 0 0};
    %wait E_000001a9d23f78d0;
    %pushi/vec4 0, 0, 12;
    %store/vec4 v000001a9d23e4d90_0, 0, 12;
    %pushi/vec4 1, 0, 32;
    %store/vec4 v000001a9d23e4110_0, 0, 32;
    %fork TD_fir_tb.config_write, S_000001a9d233bc00;
    %join;
    %vpi_call 2 247 "$display", "----End the coefficient input(AXI-lite)----" {0 0 0};
    %end;
    .thread T_26;
# The file index is used to find the file name in the following table.
:file_names 5;
    "N/A";
    "<interactive>";
    "fir_tb.v";
    "./bram11.v";
    "./fir.v";
